Unity Editor version:    2022.3.11f1 (d00248457e15)
Branch:                  2022.3/staging
Build type:              Release
Batch mode:              YES
macOS version:           Version 15.3.1 (Build 24D70)
Darwin version:          24.3.0
Architecture:            arm64
Running under Rosetta:   NO
Available memory:        16384 MB
Using pre-set license
Pro License: YES

COMMAND LINE ARGUMENTS:
/Applications/Unity/Hub/Editor/2022.3.11f1/Unity.app/Contents/MacOS/Unity
-adb2
-batchMode
-noUpm
-name
AssetImportWorker2
-projectPath
/Users/cs210student/Documents/GitHub/2025-Unusual-4
-logFile
Logs/AssetImportWorker2.log
-srvPort
49947
Successfully changed project path to: /Users/cs210student/Documents/GitHub/2025-Unusual-4
/Users/cs210student/Documents/GitHub/2025-Unusual-4
[UnityMemory] Configuration Parameters - Can be set up in boot.config
    "memorysetup-bucket-allocator-granularity=16"
    "memorysetup-bucket-allocator-bucket-count=8"
    "memorysetup-bucket-allocator-block-size=33554432"
    "memorysetup-bucket-allocator-block-count=8"
    "memorysetup-main-allocator-block-size=16777216"
    "memorysetup-thread-allocator-block-size=16777216"
    "memorysetup-gfx-main-allocator-block-size=16777216"
    "memorysetup-gfx-thread-allocator-block-size=16777216"
    "memorysetup-cache-allocator-block-size=4194304"
    "memorysetup-typetree-allocator-block-size=2097152"
    "memorysetup-profiler-bucket-allocator-granularity=16"
    "memorysetup-profiler-bucket-allocator-bucket-count=8"
    "memorysetup-profiler-bucket-allocator-block-size=33554432"
    "memorysetup-profiler-bucket-allocator-block-count=8"
    "memorysetup-profiler-allocator-block-size=16777216"
    "memorysetup-profiler-editor-allocator-block-size=1048576"
    "memorysetup-temp-allocator-size-main=16777216"
    "memorysetup-job-temp-allocator-block-size=2097152"
    "memorysetup-job-temp-allocator-block-size-background=1048576"
    "memorysetup-job-temp-allocator-reduction-small-platforms=262144"
    "memorysetup-allocator-temp-initial-block-size-main=262144"
    "memorysetup-allocator-temp-initial-block-size-worker=262144"
    "memorysetup-temp-allocator-size-background-worker=32768"
    "memorysetup-temp-allocator-size-job-worker=262144"
    "memorysetup-temp-allocator-size-preload-manager=33554432"
    "memorysetup-temp-allocator-size-nav-mesh-worker=65536"
    "memorysetup-temp-allocator-size-audio-worker=65536"
    "memorysetup-temp-allocator-size-cloud-worker=32768"
    "memorysetup-temp-allocator-size-gi-baking-worker=262144"
    "memorysetup-temp-allocator-size-gfx=262144"
Player connection [8310835264] Host "[IP] 192.168.1.94 [Port] 0 [Flags] 2 [Guid] 563894605 [EditorId] 563894605 [Version] 1048832 [Id] OSXEditor(0,Mac.localdomain) [Debug] 1 [PackageName] OSXEditor [ProjectName] Editor" joined multi-casting on [225.0.0.222:54997]...

Player connection [8310835264] Host "[IP] 192.168.1.94 [Port] 0 [Flags] 2 [Guid] 563894605 [EditorId] 563894605 [Version] 1048832 [Id] OSXEditor(0,Mac.localdomain) [Debug] 1 [PackageName] OSXEditor [ProjectName] Editor" joined alternative multi-casting on [225.0.0.222:34997]...

[Physics::Module] Initialized MultithreadedJobDispatcher with 9 workers.
Refreshing native plugins compatible for Editor in 3.35 ms, found 0 plugins.
Preloading 0 native plugins for Editor in 0.00 ms.
Initialize engine version: 2022.3.11f1 (d00248457e15)
[Subsystems] Discovering subsystems at path /Applications/Unity/Hub/Editor/2022.3.11f1/Unity.app/Contents/Resources/UnitySubsystems
[Subsystems] Discovering subsystems at path /Users/cs210student/Documents/GitHub/2025-Unusual-4/Assets
GfxDevice: creating device client; threaded=0; jobified=0
 preferred device: Apple M4 (high power)
Metal devices available: 1
0: Apple M4 (high power)
Using device Apple M4 (high power)
Initializing Metal device caps: Apple M4
Initialize mono
Mono path[0] = '/Applications/Unity/Hub/Editor/2022.3.11f1/Unity.app/Contents/Managed'
Mono path[1] = '/Applications/Unity/Hub/Editor/2022.3.11f1/Unity.app/Contents/MonoBleedingEdge/lib/mono/unityjit-macos'
Mono config path = '/Applications/Unity/Hub/Editor/2022.3.11f1/Unity.app/Contents/MonoBleedingEdge/etc'
Using monoOptions --debugger-agent=transport=dt_socket,embedding=1,server=y,suspend=n,address=127.0.0.1:56715
Begin MonoManager ReloadAssembly
Registering precompiled unity dll's ...
Register platform support module: /Applications/Unity/Hub/Editor/2022.3.11f1/Unity.app/Contents/PlaybackEngines/MacStandaloneSupport/UnityEditor.OSXStandalone.Extensions.dll
Register platform support module: /Applications/Unity/Hub/Editor/2022.3.11f1/PlaybackEngines/AndroidPlayer/UnityEditor.Android.Extensions.dll
Registered in 0.002995 seconds.
- Loaded All Assemblies, in  0.199 seconds
Native extension for Android target not found
Android Extension - Scanning For ADB Devices 83 ms
Native extension for OSXStandalone target not found
Mono: successfully reloaded assembly
- Finished resetting the current domain, in  0.209 seconds
Domain Reload Profiling: 408ms
	BeginReloadAssembly (78ms)
		ExecutionOrderSort (0ms)
		DisableScriptedObjects (0ms)
		BackupInstance (0ms)
		ReleaseScriptingObjects (0ms)
		CreateAndSetChildDomain (0ms)
	RebuildCommonClasses (18ms)
	RebuildNativeTypeToScriptingClass (5ms)
	initialDomainReloadingComplete (27ms)
	LoadAllAssembliesAndSetupDomain (71ms)
		LoadAssemblies (79ms)
		RebuildTransferFunctionScriptingTraits (0ms)
		AnalyzeDomain (70ms)
			TypeCache.Refresh (69ms)
				TypeCache.ScanAssembly (61ms)
			ScanForSourceGeneratedMonoScriptInfo (0ms)
			ResolveRequiredComponents (0ms)
	FinalizeReload (209ms)
		ReleaseScriptCaches (0ms)
		RebuildScriptCaches (0ms)
		SetupLoadedEditorAssemblies (183ms)
			LogAssemblyErrors (0ms)
			InitializePlatformSupportModulesInManaged (131ms)
			SetLoadedEditorAssemblies (1ms)
			RefreshPlugins (0ms)
			BeforeProcessingInitializeOnLoad (1ms)
			ProcessInitializeOnLoadAttributes (34ms)
			ProcessInitializeOnLoadMethodAttributes (17ms)
			AfterProcessingInitializeOnLoad (0ms)
			EditorAssembliesLoaded (0ms)
		ExecutionOrderSort2 (0ms)
		AwakeInstancesAfterBackupRestoration (0ms)
========================================================================
Worker process is ready to serve import requests
Begin MonoManager ReloadAssembly
Symbol file LoadedFromMemory is not a mono symbol file
- Loaded All Assemblies, in  0.177 seconds
Refreshing native plugins compatible for Editor in 0.16 ms, found 0 plugins.
Native extension for Android target not found
Native extension for OSXStandalone target not found
Mono: successfully reloaded assembly
- Finished resetting the current domain, in  0.141 seconds
Domain Reload Profiling: 317ms
	BeginReloadAssembly (54ms)
		ExecutionOrderSort (0ms)
		DisableScriptedObjects (2ms)
		BackupInstance (0ms)
		ReleaseScriptingObjects (0ms)
		CreateAndSetChildDomain (13ms)
	RebuildCommonClasses (16ms)
	RebuildNativeTypeToScriptingClass (5ms)
	initialDomainReloadingComplete (15ms)
	LoadAllAssembliesAndSetupDomain (84ms)
		LoadAssemblies (87ms)
		RebuildTransferFunctionScriptingTraits (0ms)
		AnalyzeDomain (24ms)
			TypeCache.Refresh (21ms)
				TypeCache.ScanAssembly (13ms)
			ScanForSourceGeneratedMonoScriptInfo (2ms)
			ResolveRequiredComponents (1ms)
	FinalizeReload (141ms)
		ReleaseScriptCaches (0ms)
		RebuildScriptCaches (0ms)
		SetupLoadedEditorAssemblies (80ms)
			LogAssemblyErrors (0ms)
			InitializePlatformSupportModulesInManaged (8ms)
			SetLoadedEditorAssemblies (1ms)
			RefreshPlugins (0ms)
			BeforeProcessingInitializeOnLoad (12ms)
			ProcessInitializeOnLoadAttributes (51ms)
			ProcessInitializeOnLoadMethodAttributes (8ms)
			AfterProcessingInitializeOnLoad (0ms)
			EditorAssembliesLoaded (0ms)
		ExecutionOrderSort2 (0ms)
		AwakeInstancesAfterBackupRestoration (1ms)
Launching external process: /Applications/Unity/Hub/Editor/2022.3.11f1/Unity.app/Contents/Tools/UnityShaderCompiler
Launched and connected shader compiler UnityShaderCompiler after 0.02 seconds
Refreshing native plugins compatible for Editor in 0.22 ms, found 0 plugins.
Preloading 0 native plugins for Editor in 0.00 ms.
Unloading 728 Unused Serialized files (Serialized files now loaded: 0)
Unloading 12 unused Assets / (44.9 KB). Loaded Objects now: 1205.
Memory consumption went from 73.4 MB to 73.3 MB.
Total: 1.520875 ms (FindLiveObjects: 0.035708 ms CreateObjectMapping: 0.009333 ms MarkObjects: 1.436375 ms  DeleteObjects: 0.039250 ms)

AssetImportParameters requested are different than current active one (requested -> active):
  custom:video-encoder-webm-vp8: eb34c28f22e8b96e1ab97ce403110664 -> 
  custom:scripting/monoscript/fileName/GripperDemoController.cs: f7be76caa1b5c551373dc7ea23dac10a -> ea86a9a08688d326c5bda23a8d05d466
  custom:video-decoder-webm-vp8: 9c59270c3fd7afecdb556c50c9e8de78 -> 
  custom:audio-decoder-ogg-vorbis: bf7c407c2cedff20999df2af8eb42d56 -> 
  custom:video-decoder-ogg-theora: a1e56fd34408186e4bbccfd4996cb3dc -> 
  custom:audio-encoder-webm-vorbis: bf7c407c2cedff20999df2af8eb42d56 -> 
  custom:scripting/monoscript/fileName/RobotController.cs: a270a9486480296b2c51d73194f0e1a6 -> 13ded4577ae9ba55aa3068d650c9d7f3
  custom:SearchIndexIgnoredProperties: e643bd26f0fe6173181afceb89e7c659 -> 
  custom:scripting/monoscript/fileName/PincherController.cs: 543e0022abcc92d5a526746d7876658a -> 5cf5b324e95cb963c2ba270ed60591bd
  custom:scripting/monoscript/fileName/ArticulationJointController.cs: a37cbf35a88d35b652d74704a72dc375 -> dd8e85afd3fbb6332bf68f5f8e6042aa
  custom:container-demuxer-ogg: 62fdf1f143b41e24485cea50d1cbac27 -> 
  custom:AudioImporter_EditorPlatform: 3918e3fc78b5a79bad01e8451be0beb8 -> 
  custom:scripting/monoscript/fileName/RobotManualInput.cs: 71ba21a9fd689dbe68ce53143e949505 -> 4f08f80a1e48ad027a9568cd64c82480
  custom:CustomObjectIndexerAttribute: 756ad292c208cfabdd7b50bc23989ffe -> 
  custom:framework-osx-AVFoundation: e770b220cccbd017edd2c1fefb359320 -> 
  custom:scripting/monoscript/fileName/PincherFingerController.cs: d30d2696ae32c471da9c08ff7c3c87ac -> e6d24047909b7bfd6e88c44480ef39a8
  custom:scripting/monoscript/fileName/ArticulationHandManualInput.cs: e434547e30415a60b4f6c468f13e4d86 -> 488776f3a012c00554c4f9d71055413a
  custom:container-demuxer-webm: 4f35f7cbe854078d1ac9338744f61a02 -> 
  custom:container-muxer-webm: aa71ff27fc2769a1b78a27578f13a17b -> 
  custom:scripting/monoscript/fileName/GripperDemoManualInput.cs: ca0641da244101ebbbc1a95e8ec4cf9e -> 37d3efb5af88d52a2de1103fecab5ccb
  custom:scripting/precompiled-assembly-types:Newtonsoft.Json:  -> a784019f7e79cf0f65e748d41d4ceb44
========================================================================
Received Import Request.
  Time since last request: 17475.905687 seconds.
  path: Assets/Scripts/Robot Example Scripts/GripperDemoManualInput.cs
  artifactKey: Guid(c24e7bcf5e18946699078aa9b65374af) Importer(2089858483,0ecaa5967403d082aa24f35e1b516d23)
Start importing Assets/Scripts/Robot Example Scripts/GripperDemoManualInput.cs using Guid(c24e7bcf5e18946699078aa9b65374af) Importer(2089858483,0ecaa5967403d082aa24f35e1b516d23)  -> (artifact id: '28c98b59f022677704b7787e25133e5c') in 0.036988 seconds
Number of updated asset objects reloaded before import = 0
Number of asset objects unloaded after import = 1
========================================================================
Received Import Request.
  Time since last request: 0.000130 seconds.
  path: Assets/Scripts/Robot Example Scripts/GripperDemoController.cs
  artifactKey: Guid(b2f9c0044a46c454890ba0552c06a205) Importer(2089858483,0ecaa5967403d082aa24f35e1b516d23)
Start importing Assets/Scripts/Robot Example Scripts/GripperDemoController.cs using Guid(b2f9c0044a46c454890ba0552c06a205) Importer(2089858483,0ecaa5967403d082aa24f35e1b516d23)  -> (artifact id: '4f60e75841f42ec6c5e2c8319177732c') in 0.001348 seconds
Number of updated asset objects reloaded before import = 0
Number of asset objects unloaded after import = 1
========================================================================
Received Import Request.
  Time since last request: 0.000330 seconds.
  path: Assets/Meshes/WristCamera.fbx
  artifactKey: Guid(fea7e50b6a1d04b2d8d9d314cb55fbf3) Importer(2089858483,0ecaa5967403d082aa24f35e1b516d23)
Start importing Assets/Meshes/WristCamera.fbx using Guid(fea7e50b6a1d04b2d8d9d314cb55fbf3) Importer(2089858483,0ecaa5967403d082aa24f35e1b516d23)  -> (artifact id: 'e92c6211079737c24131dcb7519c28e5') in 0.029990 seconds
Number of updated asset objects reloaded before import = 0
Number of asset objects unloaded after import = 11
========================================================================
Received Import Request.
  Time since last request: 0.000035 seconds.
  path: Assets/Scripts/XeleR Scripts/BackgroundObjectDetector.cs
  artifactKey: Guid(b794fc8aad37d4f07b6d7eb9664a03c1) Importer(2089858483,0ecaa5967403d082aa24f35e1b516d23)
Start importing Assets/Scripts/XeleR Scripts/BackgroundObjectDetector.cs using Guid(b794fc8aad37d4f07b6d7eb9664a03c1) Importer(2089858483,0ecaa5967403d082aa24f35e1b516d23)  -> (artifact id: '2be45a72f01e516707afd2949724bc92') in 0.001106 seconds
Number of updated asset objects reloaded before import = 0
Number of asset objects unloaded after import = 1
========================================================================
Received Import Request.
  Time since last request: 0.000106 seconds.
  path: Assets/PhysicsMaterials/GripperMaterial.physicMaterial
  artifactKey: Guid(71dfc7ae434434d0489d7d2d4dd29ba0) Importer(2089858483,0ecaa5967403d082aa24f35e1b516d23)
Start importing Assets/PhysicsMaterials/GripperMaterial.physicMaterial using Guid(71dfc7ae434434d0489d7d2d4dd29ba0) Importer(2089858483,0ecaa5967403d082aa24f35e1b516d23)  -> (artifact id: 'dd05007d823c1755201e21c5a833840e') in 0.001535 seconds
Number of updated asset objects reloaded before import = 0
Number of asset objects unloaded after import = 1
========================================================================
Received Import Request.
  Time since last request: 0.000257 seconds.
  path: Assets/TiktokenSharp/Utils/BytePairEncoding.cs
  artifactKey: Guid(d81769d1e049e95419a404159d1129cc) Importer(2089858483,0ecaa5967403d082aa24f35e1b516d23)
Start importing Assets/TiktokenSharp/Utils/BytePairEncoding.cs using Guid(d81769d1e049e95419a404159d1129cc) Importer(2089858483,0ecaa5967403d082aa24f35e1b516d23)  -> (artifact id: '5cd77b8da4ebfb1b471653bb6728f707') in 0.001004 seconds
Number of updated asset objects reloaded before import = 0
Number of asset objects unloaded after import = 1
========================================================================
Received Import Request.
  Time since last request: 0.000089 seconds.
  path: Assets/Scripts/Robot Example Scripts/PincherController.cs
  artifactKey: Guid(caa6ad71f110149099d51ebf19edb294) Importer(2089858483,0ecaa5967403d082aa24f35e1b516d23)
Start importing Assets/Scripts/Robot Example Scripts/PincherController.cs using Guid(caa6ad71f110149099d51ebf19edb294) Importer(2089858483,0ecaa5967403d082aa24f35e1b516d23)  -> (artifact id: 'c52a85f91f45858c643f2c78133de132') in 0.001642 seconds
Number of updated asset objects reloaded before import = 0
Number of asset objects unloaded after import = 1
========================================================================
Received Import Request.
  Time since last request: 0.000257 seconds.
  path: Assets/Scripts/Robot Example Scripts/RobotManualInput.cs
  artifactKey: Guid(4bcb110d4ad9c421ca4ed32eaee6cfc2) Importer(2089858483,0ecaa5967403d082aa24f35e1b516d23)
Start importing Assets/Scripts/Robot Example Scripts/RobotManualInput.cs using Guid(4bcb110d4ad9c421ca4ed32eaee6cfc2) Importer(2089858483,0ecaa5967403d082aa24f35e1b516d23)  -> (artifact id: '0c75e698369dad8b438b63cd914c33f7') in 0.000984 seconds
Number of updated asset objects reloaded before import = 0
Number of asset objects unloaded after import = 1
========================================================================
Received Import Request.
  Time since last request: 0.000195 seconds.
  path: Assets/Scripts/XeleR Scripts/ChatBot.cs
  artifactKey: Guid(16ec750b4e7f04a28a23847cbf8028ce) Importer(2089858483,0ecaa5967403d082aa24f35e1b516d23)
Start importing Assets/Scripts/XeleR Scripts/ChatBot.cs using Guid(16ec750b4e7f04a28a23847cbf8028ce) Importer(2089858483,0ecaa5967403d082aa24f35e1b516d23)  -> (artifact id: '3f0410a19bb8f6e2d8a7e0d85cc7aca3') in 0.000819 seconds
Number of updated asset objects reloaded before import = 0
Number of asset objects unloaded after import = 1
========================================================================
Received Import Request.
  Time since last request: 0.000045 seconds.
  path: Assets/PhysicsMaterials/Slippery.physicMaterial
  artifactKey: Guid(72b68d28ca8474d0e9642c0181f97f40) Importer(2089858483,0ecaa5967403d082aa24f35e1b516d23)
Start importing Assets/PhysicsMaterials/Slippery.physicMaterial using Guid(72b68d28ca8474d0e9642c0181f97f40) Importer(2089858483,0ecaa5967403d082aa24f35e1b516d23)  -> (artifact id: '8315c719fa5b9ca1de7b20ba8433663c') in 0.000965 seconds
Number of updated asset objects reloaded before import = 0
Number of asset objects unloaded after import = 1
========================================================================
Received Import Request.
  Time since last request: 0.000277 seconds.
  path: Assets/Meshes/Table.fbx
  artifactKey: Guid(3fba682e7b5a0444eb5e51e6fc772147) Importer(2089858483,0ecaa5967403d082aa24f35e1b516d23)
Start importing Assets/Meshes/Table.fbx using Guid(3fba682e7b5a0444eb5e51e6fc772147) Importer(2089858483,0ecaa5967403d082aa24f35e1b516d23)  -> (artifact id: '72d4e67a30516cd49e8c71f4e8ad35c4') in 0.018247 seconds
Number of updated asset objects reloaded before import = 0
Number of asset objects unloaded after import = 9
========================================================================
Received Import Request.
  Time since last request: 0.000074 seconds.
  path: Assets/Materials/White.mat
  artifactKey: Guid(86badf78b6bcb4dcfa17d0032fea8134) Importer(2089858483,0ecaa5967403d082aa24f35e1b516d23)
Start importing Assets/Materials/White.mat using Guid(86badf78b6bcb4dcfa17d0032fea8134) Importer(2089858483,0ecaa5967403d082aa24f35e1b516d23)  -> (artifact id: 'cde8410c46df8b4a8bd5e16dd8130bc2') in 0.001574 seconds
Number of updated asset objects reloaded before import = 0
Number of asset objects unloaded after import = 1
========================================================================
Received Import Request.
  Time since last request: 0.000057 seconds.
  path: Assets/TiktokenSharp/CoreBPE.cs
  artifactKey: Guid(1e2cd5ecf12e45c4599e6c4b8ac8828f) Importer(2089858483,0ecaa5967403d082aa24f35e1b516d23)
Start importing Assets/TiktokenSharp/CoreBPE.cs using Guid(1e2cd5ecf12e45c4599e6c4b8ac8828f) Importer(2089858483,0ecaa5967403d082aa24f35e1b516d23)  -> (artifact id: '1bf718beeb8e2109a7a98a901170b50e') in 0.000997 seconds
Number of updated asset objects reloaded before import = 0
Number of asset objects unloaded after import = 1
========================================================================
Received Import Request.
  Time since last request: 0.000067 seconds.
  path: Assets/Scripts/XeleR Scripts/Widgets.cs
  artifactKey: Guid(cd1e017f9c8ae4a97aae32008dd28113) Importer(2089858483,0ecaa5967403d082aa24f35e1b516d23)
Start importing Assets/Scripts/XeleR Scripts/Widgets.cs using Guid(cd1e017f9c8ae4a97aae32008dd28113) Importer(2089858483,0ecaa5967403d082aa24f35e1b516d23)  -> (artifact id: 'b08d186725d5a89195cae8f6cccd8c64') in 0.000711 seconds
Number of updated asset objects reloaded before import = 0
Number of asset objects unloaded after import = 1
========================================================================
Received Import Request.
  Time since last request: 0.000055 seconds.
  path: Assets/TiktokenSharp/Model/EncodingSettingModel.cs
  artifactKey: Guid(e793eaa81f57ac7408f761fc59e59d23) Importer(2089858483,0ecaa5967403d082aa24f35e1b516d23)
Start importing Assets/TiktokenSharp/Model/EncodingSettingModel.cs using Guid(e793eaa81f57ac7408f761fc59e59d23) Importer(2089858483,0ecaa5967403d082aa24f35e1b516d23)  -> (artifact id: 'dccb1d1ca53ef9c077b8e77ecfba971a') in 0.001434 seconds
Number of updated asset objects reloaded before import = 0
Number of asset objects unloaded after import = 1
========================================================================
Received Import Request.
  Time since last request: 0.000153 seconds.
  path: Assets/TiktokenSharp/TikToken.cs
  artifactKey: Guid(3f40d174ca35a6749a28f4718ee94a8c) Importer(2089858483,0ecaa5967403d082aa24f35e1b516d23)
Start importing Assets/TiktokenSharp/TikToken.cs using Guid(3f40d174ca35a6749a28f4718ee94a8c) Importer(2089858483,0ecaa5967403d082aa24f35e1b516d23)  -> (artifact id: '968be742ec91ce082644bf61afda4886') in 0.000818 seconds
Number of updated asset objects reloaded before import = 0
Number of asset objects unloaded after import = 1
